This is pdfTeX, Version 3.14159265-2.6-1.40.17 (TeX Live 2016) (preloaded format=pdflatex 2016.5.22)  8 MAY 2017 18:01
entering extended mode
 restricted \write18 enabled.
 %&-line parsing enabled.
**Thesis.tex
(./Thesis.tex
LaTeX2e <2016/03/31>
Babel <3.9r> and hyphenation patterns for 83 language(s) loaded.
(./config/model/layout.tex
(/usr/local/texlive/2016/texmf-dist/tex/latex/base/report.cls
Document Class: report 2014/09/29 v1.4h Standard LaTeX document class
(/usr/local/texlive/2016/texmf-dist/tex/latex/base/size11.clo
File: size11.clo 2014/09/29 v1.4h Standard LaTeX file (size option)
)
\c@part=\count79
\c@chapter=\count80
\c@section=\count81
\c@subsection=\count82
\c@subsubsection=\count83
\c@paragraph=\count84
\c@subparagraph=\count85
\c@figure=\count86
\c@table=\count87
\abovecaptionskip=\skip41
\belowcaptionskip=\skip42
\bibindent=\dimen102
)
(/usr/local/texlive/2016/texmf-dist/tex/latex/tocbibind/tocbibind.sty
Package: tocbibind 2010/10/13 v1.5k extra ToC listings
Package tocbibind Info: The document has chapter divisions on input line 50.


Package tocbibind Note: Using chapter style headings, unless overridden.

) (/usr/local/texlive/2016/texmf-dist/tex/latex/appendix/appendix.sty
Package: appendix 2009/09/02 v1.2b extra appendix facilities
\c@@pps=\count88
\c@@ppsavesec=\count89
\c@@ppsaveapp=\count90
)
(/usr/local/texlive/2016/texmf-dist/tex/latex/tools/array.sty
Package: array 2014/10/28 v2.4c Tabular extension package (FMi)
\col@sep=\dimen103
\extrarowheight=\dimen104
\NC@list=\toks14
\extratabsurround=\skip43
\backup@length=\skip44
)
(/usr/local/texlive/2016/texmf-dist/tex/latex/multirow/multirow.sty
\bigstrutjot=\dimen105
)
(/usr/local/texlive/2016/texmf-dist/tex/generic/babel/babel.sty
Package: babel 2016/04/23 3.9r The Babel package

(/usr/local/texlive/2016/texmf-dist/tex/generic/babel-english/english.ldf
Language: english 2012/08/20 v3.3p English support from the babel system

(/usr/local/texlive/2016/texmf-dist/tex/generic/babel/babel.def
File: babel.def 2016/04/23 3.9r Babel common definitions
\babel@savecnt=\count91
\U@D=\dimen106
)
\l@canadian = a dialect from \language\l@american 
\l@australian = a dialect from \language\l@british 
\l@newzealand = a dialect from \language\l@british 
))
(/usr/local/texlive/2016/texmf-dist/tex/latex/ucs/ucs.sty
Package: ucs 2013/05/11 v2.2 UCS: Unicode input support

(/usr/local/texlive/2016/texmf-dist/tex/latex/ucs/data/uni-global.def
File: uni-global.def 2013/05/13 UCS: Unicode global data
)
\uc@secondtry=\count92
\uc@combtoks=\toks15
\uc@combtoksb=\toks16
\uc@temptokena=\toks17
)
(/usr/local/texlive/2016/texmf-dist/tex/latex/base/inputenc.sty
Package: inputenc 2015/03/17 v1.2c Input encoding file
\inpenc@prehook=\toks18
\inpenc@posthook=\toks19

(/usr/local/texlive/2016/texmf-dist/tex/latex/ucs/utf8x.def
File: utf8x.def 2004/10/17 UCS: Input encoding UTF-8
))
(/usr/local/texlive/2016/texmf-dist/tex/latex/footmisc/footmisc.sty
Package: footmisc 2011/06/06 v5.5b a miscellany of footnote facilities
\FN@temptoken=\toks20
\footnotemargin=\dimen107
\c@pp@next@reset=\count93
Package footmisc Info: Declaring symbol style bringhurst on input line 855.
Package footmisc Info: Declaring symbol style chicago on input line 863.
Package footmisc Info: Declaring symbol style wiley on input line 872.
Package footmisc Info: Declaring symbol style lamport-robust on input line 883.

Package footmisc Info: Declaring symbol style lamport* on input line 903.
Package footmisc Info: Declaring symbol style lamport*-robust on input line 924
.
)
(/usr/local/texlive/2016/texmf-dist/tex/latex/fancyhdr/fancyhdr.sty
\fancy@headwidth=\skip45
\f@ncyO@elh=\skip46
\f@ncyO@erh=\skip47
\f@ncyO@olh=\skip48
\f@ncyO@orh=\skip49
\f@ncyO@elf=\skip50
\f@ncyO@erf=\skip51
\f@ncyO@olf=\skip52
\f@ncyO@orf=\skip53
)
(/usr/local/texlive/2016/texmf-dist/tex/latex/graphics/graphicx.sty
Package: graphicx 2014/10/28 v1.0g Enhanced LaTeX Graphics (DPC,SPQR)

(/usr/local/texlive/2016/texmf-dist/tex/latex/graphics/keyval.sty
Package: keyval 2014/10/28 v1.15 key=value parser (DPC)
\KV@toks@=\toks21
)
(/usr/local/texlive/2016/texmf-dist/tex/latex/graphics/graphics.sty
Package: graphics 2016/05/09 v1.0r Standard LaTeX Graphics (DPC,SPQR)

(/usr/local/texlive/2016/texmf-dist/tex/latex/graphics/trig.sty
Package: trig 2016/01/03 v1.10 sin cos tan (DPC)
)
(/usr/local/texlive/2016/texmf-dist/tex/latex/graphics-cfg/graphics.cfg
File: graphics.cfg 2016/01/02 v1.10 sample graphics configuration
)
Package graphics Info: Driver file: pdftex.def on input line 96.

(/usr/local/texlive/2016/texmf-dist/tex/latex/pdftex-def/pdftex.def
File: pdftex.def 2011/05/27 v0.06d Graphics/color for pdfTeX

(/usr/local/texlive/2016/texmf-dist/tex/generic/oberdiek/infwarerr.sty
Package: infwarerr 2016/05/16 v1.4 Providing info/warning/error messages (HO)
)
(/usr/local/texlive/2016/texmf-dist/tex/generic/oberdiek/ltxcmds.sty
Package: ltxcmds 2016/05/16 v1.23 LaTeX kernel commands for general use (HO)
)
\Gread@gobject=\count94
))
\Gin@req@height=\dimen108
\Gin@req@width=\dimen109
)
(/usr/local/texlive/2016/texmf-dist/tex/latex/graphics/color.sty
Package: color 2016/05/09 v1.1c Standard LaTeX Color (DPC)

(/usr/local/texlive/2016/texmf-dist/tex/latex/graphics-cfg/color.cfg
File: color.cfg 2016/01/02 v1.6 sample color configuration
)
Package color Info: Driver file: pdftex.def on input line 144.
)
(/usr/local/texlive/2016/texmf-dist/tex/latex/subfigure/subfigure.sty
Package: subfigure 2002/03/15 v2.1.5 subfigure package
\subfigtopskip=\skip54
\subfigcapskip=\skip55
\subfigcaptopadj=\dimen110
\subfigbottomskip=\skip56
\subfigcapmargin=\dimen111
\subfiglabelskip=\skip57
\c@subfigure=\count95
\c@lofdepth=\count96
\c@subtable=\count97
\c@lotdepth=\count98

****************************************
* Local config file subfigure.cfg used *
****************************************
(/usr/local/texlive/2016/texmf-dist/tex/latex/subfigure/subfigure.cfg)
\subfig@top=\skip58
\subfig@bottom=\skip59
)
(/usr/local/texlive/2016/texmf-dist/tex/latex/supertabular/supertabular.sty
Package: supertabular 2004/02/20 v4.1e the supertabular environment
\c@tracingst=\count99
\ST@wd=\dimen112
\ST@rightskip=\skip60
\ST@leftskip=\skip61
\ST@parfillskip=\skip62
\ST@pageleft=\dimen113
\ST@headht=\dimen114
\ST@tailht=\dimen115
\ST@pagesofar=\dimen116
\ST@pboxht=\dimen117
\ST@lineht=\dimen118
\ST@stretchht=\dimen119
\ST@prevht=\dimen120
\ST@toadd=\dimen121
\ST@dimen=\dimen122
\ST@pbox=\box26
)
(/usr/local/texlive/2016/texmf-dist/tex/latex/float/float.sty
Package: float 2001/11/08 v1.3d Float enhancements (AL)
\c@float@type=\count100
\float@exts=\toks22
\float@box=\box27
\@float@everytoks=\toks23
\@floatcapt=\box28
)
(/usr/local/texlive/2016/texmf-dist/tex/latex/fncychap/fncychap.sty
Package: fncychap 2007/07/30 v1.34 LaTeX package (Revised chapters)
\RW=\skip63
\mylen=\skip64
\myhi=\skip65
\px=\skip66
\py=\skip67
\pyy=\skip68
\pxx=\skip69
)
(/usr/local/texlive/2016/texmf-dist/tex/latex/tools/longtable.sty
Package: longtable 2014/10/28 v4.11 Multi-page Table package (DPC)
\LTleft=\skip70
\LTright=\skip71
\LTpre=\skip72
\LTpost=\skip73
\LTchunksize=\count101
\LTcapwidth=\dimen123
\LT@head=\box29
\LT@firsthead=\box30
\LT@foot=\box31
\LT@lastfoot=\box32
\LT@cols=\count102
\LT@rows=\count103
\c@LT@tables=\count104
\c@LT@chunks=\count105
\LT@p@ftn=\toks24
)
(/usr/local/texlive/2016/texmf-dist/tex/latex/lastpage/lastpage.sty
Package: lastpage 2015/03/29 v1.2m Refers to last page's name (HMM; JPG)
)
(/usr/local/texlive/2016/texmf-dist/tex/latex/url/url.sty
\Urlmuskip=\muskip10
Package: url 2013/09/16  ver 3.4  Verb mode for urls, etc.
)
(/usr/local/texlive/2016/texmf-dist/tex/latex/amsmath/amsmath.sty
Package: amsmath 2016/03/10 v2.15b AMS math features
\@mathmargin=\skip74

For additional information on amsmath, use the `?' option.
(/usr/local/texlive/2016/texmf-dist/tex/latex/amsmath/amstext.sty
Package: amstext 2000/06/29 v2.01 AMS text

(/usr/local/texlive/2016/texmf-dist/tex/latex/amsmath/amsgen.sty
File: amsgen.sty 1999/11/30 v2.0 generic functions
\@emptytoks=\toks25
\ex@=\dimen124
))
(/usr/local/texlive/2016/texmf-dist/tex/latex/amsmath/amsbsy.sty
Package: amsbsy 1999/11/29 v1.2d Bold Symbols
\pmbraise@=\dimen125
)
(/usr/local/texlive/2016/texmf-dist/tex/latex/amsmath/amsopn.sty
Package: amsopn 2016/03/08 v2.02 operator names
)
\inf@bad=\count106
LaTeX Info: Redefining \frac on input line 199.
\uproot@=\count107
\leftroot@=\count108
LaTeX Info: Redefining \overline on input line 297.
\classnum@=\count109
\DOTSCASE@=\count110
LaTeX Info: Redefining \ldots on input line 394.
LaTeX Info: Redefining \dots on input line 397.
LaTeX Info: Redefining \cdots on input line 518.
\Mathstrutbox@=\box33
\strutbox@=\box34
\big@size=\dimen126
LaTeX Font Info:    Redeclaring font encoding OML on input line 634.
LaTeX Font Info:    Redeclaring font encoding OMS on input line 635.
\macc@depth=\count111
\c@MaxMatrixCols=\count112
\dotsspace@=\muskip11
\c@parentequation=\count113
\dspbrk@lvl=\count114
\tag@help=\toks26
\row@=\count115
\column@=\count116
\maxfields@=\count117
\andhelp@=\toks27
\eqnshift@=\dimen127
\alignsep@=\dimen128
\tagshift@=\dimen129
\tagwidth@=\dimen130
\totwidth@=\dimen131
\lineht@=\dimen132
\@envbody=\toks28
\multlinegap=\skip75
\multlinetaggap=\skip76
\mathdisplay@stack=\toks29
LaTeX Info: Redefining \[ on input line 2739.
LaTeX Info: Redefining \] on input line 2740.
)
(/usr/local/texlive/2016/texmf-dist/tex/latex/amsfonts/amssymb.sty
Package: amssymb 2013/01/14 v3.01 AMS font symbols

(/usr/local/texlive/2016/texmf-dist/tex/latex/amsfonts/amsfonts.sty
Package: amsfonts 2013/01/14 v3.01 Basic AMSFonts support
\symAMSa=\mathgroup4
\symAMSb=\mathgroup5
LaTeX Font Info:    Overwriting math alphabet `\mathfrak' in version `bold'
(Font)                  U/euf/m/n --> U/euf/b/n on input line 106.
))
(/usr/local/texlive/2016/texmf-dist/tex/latex/comment/comment.sty
\CommentStream=\write3

Excluding comment 'comment')
(/usr/local/texlive/2016/texmf-dist/tex/latex/hyperref/hyperref.sty
Package: hyperref 2016/05/05 v6.83n Hypertext links for LaTeX

(/usr/local/texlive/2016/texmf-dist/tex/generic/oberdiek/hobsub-hyperref.sty
Package: hobsub-hyperref 2016/05/16 v1.14 Bundle oberdiek, subset hyperref (HO)


(/usr/local/texlive/2016/texmf-dist/tex/generic/oberdiek/hobsub-generic.sty
Package: hobsub-generic 2016/05/16 v1.14 Bundle oberdiek, subset generic (HO)
Package: hobsub 2016/05/16 v1.14 Construct package bundles (HO)
Package hobsub Info: Skipping package `infwarerr' (already loaded).
Package hobsub Info: Skipping package `ltxcmds' (already loaded).
Package: ifluatex 2016/05/16 v1.4 Provides the ifluatex switch (HO)
Package ifluatex Info: LuaTeX not detected.
Package: ifvtex 2016/05/16 v1.6 Detect VTeX and its facilities (HO)
Package ifvtex Info: VTeX not detected.
Package: intcalc 2016/05/16 v1.2 Expandable calculations with integers (HO)
Package: ifpdf 2016/05/14 v3.1 Provides the ifpdf switch
Package: etexcmds 2016/05/16 v1.6 Avoid name clashes with e-TeX commands (HO)
Package etexcmds Info: Could not find \expanded.
(etexcmds)             That can mean that you are not using pdfTeX 1.50 or
(etexcmds)             that some package has redefined \expanded.
(etexcmds)             In the latter case, load this package earlier.
Package: kvsetkeys 2016/05/16 v1.17 Key value parser (HO)
Package: kvdefinekeys 2016/05/16 v1.4 Define keys (HO)
Package: pdftexcmds 2016/05/10 v0.21 Utility functions of pdfTeX for LuaTeX (HO
)
Package pdftexcmds Info: LuaTeX not detected.
Package pdftexcmds Info: \pdf@primitive is available.
Package pdftexcmds Info: \pdf@ifprimitive is available.
Package pdftexcmds Info: \pdfdraftmode found.
Package: pdfescape 2016/05/16 v1.14 Implements pdfTeX's escape features (HO)
Package: bigintcalc 2016/05/16 v1.4 Expandable calculations on big integers (HO
)
Package: bitset 2016/05/16 v1.2 Handle bit-vector datatype (HO)
Package: uniquecounter 2016/05/16 v1.3 Provide unlimited unique counter (HO)
)
Package hobsub Info: Skipping package `hobsub' (already loaded).
Package: letltxmacro 2016/05/16 v1.5 Let assignment for LaTeX macros (HO)
Package: hopatch 2016/05/16 v1.3 Wrapper for package hooks (HO)
Package: xcolor-patch 2016/05/16 xcolor patch
Package: atveryend 2016/05/16 v1.9 Hooks at the very end of document (HO)
Package atveryend Info: \enddocument detected (standard20110627).
Package: atbegshi 2016/05/16 v1.17 At begin shipout hook (HO)
Package: refcount 2016/05/16 v3.5 Data extraction from label references (HO)
Package: hycolor 2016/05/16 v1.8 Color options for hyperref/bookmark (HO)
)
(/usr/local/texlive/2016/texmf-dist/tex/generic/ifxetex/ifxetex.sty
Package: ifxetex 2010/09/12 v0.6 Provides ifxetex conditional
)
(/usr/local/texlive/2016/texmf-dist/tex/latex/oberdiek/auxhook.sty
Package: auxhook 2016/05/16 v1.4 Hooks for auxiliary files (HO)
)
(/usr/local/texlive/2016/texmf-dist/tex/latex/oberdiek/kvoptions.sty
Package: kvoptions 2016/05/16 v3.12 Key value format for package options (HO)
)
\@linkdim=\dimen133
\Hy@linkcounter=\count118
\Hy@pagecounter=\count119

(/usr/local/texlive/2016/texmf-dist/tex/latex/hyperref/pd1enc.def
File: pd1enc.def 2016/05/05 v6.83n Hyperref: PDFDocEncoding definition (HO)
)
\Hy@SavedSpaceFactor=\count120

(/usr/local/texlive/2016/texmf-dist/tex/latex/latexconfig/hyperref.cfg
File: hyperref.cfg 2002/06/06 v1.2 hyperref configuration of TeXLive
)
Package hyperref Info: Option `colorlinks' set `true' on input line 4322.
Package hyperref Info: Option `breaklinks' set `true' on input line 4322.
Package hyperref Info: Hyper figures OFF on input line 4446.
Package hyperref Info: Link nesting OFF on input line 4451.
Package hyperref Info: Hyper index ON on input line 4454.
Package hyperref Info: Plain pages OFF on input line 4461.
Package hyperref Info: Backreferencing OFF on input line 4466.
Package hyperref Info: Implicit mode ON; LaTeX internals redefined.
Package hyperref Info: Bookmarks ON on input line 4691.
\c@Hy@tempcnt=\count121
LaTeX Info: Redefining \url on input line 5044.
\XeTeXLinkMargin=\dimen134
\Fld@menulength=\count122
\Field@Width=\dimen135
\Fld@charsize=\dimen136
Package hyperref Info: Hyper figures OFF on input line 6298.
Package hyperref Info: Link nesting OFF on input line 6303.
Package hyperref Info: Hyper index ON on input line 6306.
Package hyperref Info: backreferencing OFF on input line 6313.
Package hyperref Info: Link coloring ON on input line 6316.
Package hyperref Info: Link coloring with OCG OFF on input line 6323.
Package hyperref Info: PDF/A mode OFF on input line 6328.
LaTeX Info: Redefining \ref on input line 6368.
LaTeX Info: Redefining \pageref on input line 6372.
\Hy@abspage=\count123
\c@Item=\count124
\c@Hfootnote=\count125
)

Package hyperref Message: Driver (autodetected): hpdftex.

(/usr/local/texlive/2016/texmf-dist/tex/latex/hyperref/hpdftex.def
File: hpdftex.def 2016/05/05 v6.83n Hyperref driver for pdfTeX
\Fld@listcount=\count126
\c@bookmark@seq@number=\count127

(/usr/local/texlive/2016/texmf-dist/tex/latex/oberdiek/rerunfilecheck.sty
Package: rerunfilecheck 2016/05/16 v1.8 Rerun checks for auxiliary files (HO)
Package uniquecounter Info: New unique counter `rerunfilecheck' on input line 2
82.
)
\Hy@SectionHShift=\skip77
)
(/usr/local/texlive/2016/texmf-dist/tex/latex/xifthen/xifthen.sty
Package: xifthen 2015/11/05 v1.4.0 Extended ifthen features

(/usr/local/texlive/2016/texmf-dist/tex/latex/tools/calc.sty
Package: calc 2014/10/28 v4.3 Infix arithmetic (KKT,FJ)
\calc@Acount=\count128
\calc@Bcount=\count129
\calc@Adimen=\dimen137
\calc@Bdimen=\dimen138
\calc@Askip=\skip78
\calc@Bskip=\skip79
LaTeX Info: Redefining \setlength on input line 80.
LaTeX Info: Redefining \addtolength on input line 81.
\calc@Ccount=\count130
\calc@Cskip=\skip80
)
(/usr/local/texlive/2016/texmf-dist/tex/latex/base/ifthen.sty
Package: ifthen 2014/09/29 v1.1c Standard LaTeX ifthen package (DPC)
)
(/usr/local/texlive/2016/texmf-dist/tex/latex/ifmtarg/ifmtarg.sty
Package: ifmtarg 2009/09/02 v1.2a check for an empty argument
))
(/usr/local/texlive/2016/texmf-dist/tex/latex/base/fontenc.sty
Package: fontenc 2005/09/27 v1.99g Standard LaTeX package

(/usr/local/texlive/2016/texmf-dist/tex/latex/base/t1enc.def
File: t1enc.def 2005/09/27 v1.99g Standard LaTeX file
LaTeX Font Info:    Redeclaring font encoding T1 on input line 48.
))
(/usr/local/texlive/2016/texmf-dist/tex/latex/bera/beramono.sty
Package: beramono 2004/01/31 (WaS)
)
(/usr/local/texlive/2016/texmf-dist/tex/latex/listings/listings.sty
\lst@mode=\count131
\lst@gtempboxa=\box35
\lst@token=\toks30
\lst@length=\count132
\lst@currlwidth=\dimen139
\lst@column=\count133
\lst@pos=\count134
\lst@lostspace=\dimen140
\lst@width=\dimen141
\lst@newlines=\count135
\lst@lineno=\count136
\lst@maxwidth=\dimen142

(/usr/local/texlive/2016/texmf-dist/tex/latex/listings/lstmisc.sty
File: lstmisc.sty 2015/06/04 1.6 (Carsten Heinz)
\c@lstnumber=\count137
\lst@skipnumbers=\count138
\lst@framebox=\box36
)
(/usr/local/texlive/2016/texmf-dist/tex/latex/listings/listings.cfg
File: listings.cfg 2015/06/04 1.6 listings configuration
))
Package: listings 2015/06/04 1.6 (Carsten Heinz)

(/usr/local/texlive/2016/texmf-dist/tex/latex/listings/lstlang1.sty
File: lstlang1.sty 2015/06/04 1.6 listings language file
)
(./config/model/colors.tex
Package color Info: Redefining color red on input line 2.
Package color Info: Redefining color blue on input line 3.
Package color Info: Redefining color white on input line 6.
) (./config/model/variables.tex
Package color Info: Redefining color purple on input line 37.
)
Package hyperref Info: Option `colorlinks' set `true' on input line 108.

(/usr/local/texlive/2016/texmf-dist/tex/latex/base/makeidx.sty
Package: makeidx 2014/09/29 v1.0m Standard LaTeX package
)
\@indexfile=\write4
\openout4 = `Thesis.idx'.


Writing index file Thesis.idx
) (./Thesis.aux

LaTeX Warning: Label `lst:sparql' multiply defined.


LaTeX Warning: Label `lst:sparql' multiply defined.


LaTeX Warning: Label `lst:sparql' multiply defined.


LaTeX Warning: Label `lst:sparql' multiply defined.


LaTeX Warning: Label `lst:sparql' multiply defined.


LaTeX Warning: Label `2nd:sparql' multiply defined.


LaTeX Warning: Label `2nd:sparql' multiply defined.


LaTeX Warning: Label `fma' multiply defined.


LaTeX Warning: Label `obi' multiply defined.


LaTeX Warning: Label `lst:sparql' multiply defined.


LaTeX Warning: Label `rdfbones' multiply defined.


LaTeX Warning: Label `skullJSON' multiply defined.


LaTeX Warning: Label `jsListing' multiply defined.


LaTeX Warning: Label `skullJSON' multiply defined.


LaTeX Warning: Label `skullJSON' multiply defined.


LaTeX Warning: Label `skullJSON' multiply defined.


LaTeX Warning: Label `skullJSON' multiply defined.


LaTeX Warning: Label `skullJSON' multiply defined.


LaTeX Warning: Label `JS_subFormRoutine' multiply defined.


LaTeX Warning: Label `serveRequest' multiply defined.


LaTeX Warning: Label `JS_subFormRoutine' multiply defined.


LaTeX Warning: Label `serveRequest' multiply defined.

)
\openout1 = `Thesis.aux'.

LaTeX Font Info:    Checking defaults for OML/cmm/m/it on input line 2.
LaTeX Font Info:    ... okay on input line 2.
LaTeX Font Info:    Checking defaults for T1/cmr/m/n on input line 2.
LaTeX Font Info:    ... okay on input line 2.
LaTeX Font Info:    Checking defaults for OT1/cmr/m/n on input line 2.
LaTeX Font Info:    ... okay on input line 2.
LaTeX Font Info:    Checking defaults for OMS/cmsy/m/n on input line 2.
LaTeX Font Info:    ... okay on input line 2.
LaTeX Font Info:    Checking defaults for OMX/cmex/m/n on input line 2.
LaTeX Font Info:    ... okay on input line 2.
LaTeX Font Info:    Checking defaults for U/cmr/m/n on input line 2.
LaTeX Font Info:    ... okay on input line 2.
LaTeX Font Info:    Checking defaults for PD1/pdf/m/n on input line 2.
LaTeX Font Info:    ... okay on input line 2.
 (/usr/local/texlive/2016/texmf-dist/tex/latex/ucs/ucsencs.def
File: ucsencs.def 2011/01/21 Fixes to fontencodings LGR, T3
)
(/usr/local/texlive/2016/texmf-dist/tex/context/base/mkii/supp-pdf.mkii
[Loading MPS to PDF converter (version 2006.09.02).]
\scratchcounter=\count139
\scratchdimen=\dimen143
\scratchbox=\box37
\nofMPsegments=\count140
\nofMParguments=\count141
\everyMPshowfont=\toks31
\MPscratchCnt=\count142
\MPscratchDim=\dimen144
\MPnumerator=\count143
\makeMPintoPDFobject=\count144
\everyMPtoPDFconversion=\toks32
) (/usr/local/texlive/2016/texmf-dist/tex/latex/oberdiek/epstopdf-base.sty
Package: epstopdf-base 2016/05/15 v2.6 Base part for package epstopdf

(/usr/local/texlive/2016/texmf-dist/tex/latex/oberdiek/grfext.sty
Package: grfext 2016/05/16 v1.2 Manage graphics extensions (HO)
)
Package grfext Info: Graphics extension search list:
(grfext)             [.png,.pdf,.jpg,.mps,.jpeg,.jbig2,.jb2,.PNG,.PDF,.JPG,.JPE
G,.JBIG2,.JB2,.eps]
(grfext)             \AppendGraphicsExtensions on input line 456.

(/usr/local/texlive/2016/texmf-dist/tex/latex/latexconfig/epstopdf-sys.cfg
File: epstopdf-sys.cfg 2010/07/13 v1.3 Configuration of (r)epstopdf for TeX Liv
e
))
Package lastpage Info: Please have a look at the pageslts package at
(lastpage)             https://www.ctan.org/pkg/pageslts
(lastpage)             ! on input line 2.
\AtBeginShipoutBox=\box38
Package hyperref Info: Link coloring ON on input line 2.

(/usr/local/texlive/2016/texmf-dist/tex/latex/hyperref/nameref.sty
Package: nameref 2012/10/27 v2.43 Cross-referencing by name of section

(/usr/local/texlive/2016/texmf-dist/tex/generic/oberdiek/gettitlestring.sty
Package: gettitlestring 2016/05/16 v1.5 Cleanup title references (HO)
)
\c@section@level=\count145
)
LaTeX Info: Redefining \ref on input line 2.
LaTeX Info: Redefining \pageref on input line 2.
LaTeX Info: Redefining \nameref on input line 2.

(./Thesis.out) (./Thesis.out)
\@outlinefile=\write5
\openout5 = `Thesis.out'.

\c@lstlisting=\count146
 (./config/model/hyphenation.tex) (./coverpage.tex (/usr/local/texlive/2016/tex
mf-dist/tex/latex/ucs/data/uni-0.def
File: uni-0.def 2013/05/13 UCS: Unicode data U+0000..U+00FF
)
<./pics/unifr-logo.jpg, id=188, 139.9629pt x 165.0165pt>
File: ./pics/unifr-logo.jpg Graphic file (type jpg)

<use ./pics/unifr-logo.jpg>
Package pdftex.def Info: ./pics/unifr-logo.jpg used on input line 15.
(pdftex.def)             Requested size: 139.96255pt x 165.01607pt.
 [1

{/usr/local/texlive/2016/texmf-var/fonts/map/pdftex/updmap/pdftex.map} <./pics/
unifr-logo.jpg>])
Underfull \hbox (badness 10000) in paragraph at lines 13--32

 []


Package Fancyhdr Warning: \headheight is too small (12.0pt): 
 Make it at least 13.59999pt.
 We now make it that large for the rest of the document.
 This may cause the page layout to be inconsistent, however.

pdfTeX warning (ext4): destination with the same identifier (name{page.I}) has 
been already used, duplicate ignored
<to be read again> 
                   \relax 
l.33 \newpage
              [1] [2

] [3

] (./Thesis.toc
LaTeX Font Info:    Try loading font information for U+msa on input line 6.

(/usr/local/texlive/2016/texmf-dist/tex/latex/amsfonts/umsa.fd
File: umsa.fd 2013/01/14 v3.01 AMS symbols A
)
LaTeX Font Info:    Try loading font information for U+msb on input line 6.

(/usr/local/texlive/2016/texmf-dist/tex/latex/amsfonts/umsb.fd
File: umsb.fd 2013/01/14 v3.01 AMS symbols B
) [4

])
\tf@toc=\write6
\openout6 = `Thesis.toc'.



Package Fancyhdr Warning: \headheight is too small (12.0pt): 
 Make it at least 13.59999pt.
 We now make it that large for the rest of the document.
 This may cause the page layout to be inconsistent, however.

[5] (./Thesis.lof [6

])
\tf@lof=\write7
\openout7 = `Thesis.lof'.



Package Fancyhdr Warning: \headheight is too small (12.0pt): 
 Make it at least 13.59999pt.
 We now make it that large for the rest of the document.
 This may cause the page layout to be inconsistent, however.

[7] (./Thesis.lot)
\tf@lot=\write8
\openout8 = `Thesis.lot'.

 [8

] [9] [10] (./Chapter1-Intro.tex
Chapter 1.
LaTeX Font Info:    Try loading font information for OT1+phv on input line 1.
(/usr/local/texlive/2016/texmf-dist/tex/latex/psnfss/ot1phv.fd
File: ot1phv.fd 2001/06/04 scalable font definitions for OT1/phv.
)
LaTeX Font Info:    Try loading font information for OT1+ptm on input line 1.

(/usr/local/texlive/2016/texmf-dist/tex/latex/psnfss/ot1ptm.fd
File: ot1ptm.fd 2001/06/04 font definitions for OT1/ptm.
) [1

])
(./Chapter2.tex

Package Fancyhdr Warning: \headheight is too small (12.0pt): 
 Make it at least 13.59999pt.
 We now make it that large for the rest of the document.
 This may cause the page layout to be inconsistent, however.

[2]
Chapter 2.
Package hyperref Info: bookmark level for unknown lstlisting defaults to 0 on i
nput line 13.
[3

]
</Users/konkolydavid/Dropbox/Thesis/Images/2_Preliminaries/rdfData.png, id=419,
 1155.31625pt x 314.17375pt>
File: /Users/konkolydavid/Dropbox/Thesis/Images/2_Preliminaries/rdfData.png Gra
phic file (type png)

<use /Users/konkolydavid/Dropbox/Thesis/Images/2_Preliminaries/rdfData.png>
Package pdftex.def Info: /Users/konkolydavid/Dropbox/Thesis/Images/2_Preliminar
ies/rdfData.png used on input line 22.
(pdftex.def)             Requested size: 360.0pt x 97.89621pt.


Package Fancyhdr Warning: \headheight is too small (12.0pt): 
 Make it at least 13.59999pt.
 We now make it that large for the rest of the document.
 This may cause the page layout to be inconsistent, however.

[4 </Users/konkolydavid/Dropbox/Thesis/Images/2_Preliminaries/rdfData.png>]
LaTeX Font Info:    Try loading font information for T1+fvm on input line 32.

(/usr/local/texlive/2016/texmf-dist/tex/latex/bera/t1fvm.fd
File: t1fvm.fd 2004/09/07 scalable font definitions for T1/fvm.
)
LaTeX Font Info:    Font shape `T1/fvm/m/n' will be
(Font)              scaled to size 7.65005pt on input line 32.


Package Fancyhdr Warning: \headheight is too small (12.0pt): 
 Make it at least 13.59999pt.
 We now make it that large for the rest of the document.
 This may cause the page layout to be inconsistent, however.

[5]
</Users/konkolydavid/Dropbox/Thesis/Images/2_Preliminaries/rdf_vocab.png, id=44
9, 1393.205pt x 658.46pt>
File: /Users/konkolydavid/Dropbox/Thesis/Images/2_Preliminaries/rdf_vocab.png G
raphic file (type png)

<use /Users/konkolydavid/Dropbox/Thesis/Images/2_Preliminaries/rdf_vocab.png>
Package pdftex.def Info: /Users/konkolydavid/Dropbox/Thesis/Images/2_Preliminar
ies/rdf_vocab.png used on input line 80.
(pdftex.def)             Requested size: 360.0pt x 170.1406pt.


LaTeX Warning: `h' float specifier changed to `ht'.


Package Fancyhdr Warning: \headheight is too small (12.0pt): 
 Make it at least 13.59999pt.
 We now make it that large for the rest of the document.
 This may cause the page layout to be inconsistent, however.

[6]
Overfull \hbox (27.69742pt too wide) in paragraph at lines 93--94
\T1/cmr/m/n/10.95 the-sis. OWL ex-tends the \T1/cmr/m/it/10.95 rdf:Property \T1
/cmr/m/n/10.95 with two sub-classes. The \T1/cmr/m/it/10.95 owl:ObjectProperty
 []


Overfull \hbox (11.8229pt too wide) in paragraph at lines 93--94
\T1/cmr/m/n/10.95 rep-re-sents the prop-er-ties whose range is a class, while t
he \T1/cmr/m/it/10.95 owl:DataTypeProperty
 []


</Users/konkolydavid/Dropbox/Thesis/Images/2_Preliminaries/15_owl_vocab.png, id
=468, 1553.805pt x 541.02126pt>
File: /Users/konkolydavid/Dropbox/Thesis/Images/2_Preliminaries/15_owl_vocab.pn
g Graphic file (type png)

<use /Users/konkolydavid/Dropbox/Thesis/Images/2_Preliminaries/15_owl_vocab.png
>
Package pdftex.def Info: /Users/konkolydavid/Dropbox/Thesis/Images/2_Preliminar
ies/15_owl_vocab.png used on input line 95.
(pdftex.def)             Requested size: 360.0pt x 125.3486pt.


Package Fancyhdr Warning: \headheight is too small (12.0pt): 
 Make it at least 13.59999pt.
 We now make it that large for the rest of the document.
 This may cause the page layout to be inconsistent, however.

[7 </Users/konkolydavid/Dropbox/Thesis/Images/2_Preliminaries/rdf_vocab.png>]
</Users/konkolydavid/Dropbox/Thesis/Images/2_Preliminaries/restrictionScheme.pn
g, id=478, 1608.0075pt x 417.56pt>
File: /Users/konkolydavid/Dropbox/Thesis/Images/2_Preliminaries/restrictionSche
me.png Graphic file (type png)

<use /Users/konkolydavid/Dropbox/Thesis/Images/2_Preliminaries/restrictionSchem
e.png>
Package pdftex.def Info: /Users/konkolydavid/Dropbox/Thesis/Images/2_Preliminar
ies/restrictionScheme.png used on input line 97.
(pdftex.def)             Requested size: 360.0pt x 93.48183pt.


Package Fancyhdr Warning: \headheight is too small (12.0pt): 
 Make it at least 13.59999pt.
 We now make it that large for the rest of the document.
 This may cause the page layout to be inconsistent, however.

[8 </Users/konkolydavid/Dropbox/Thesis/Images/2_Preliminaries/15_owl_vocab.png>
 </Users/konkolydavid/Dropbox/Thesis/Images/2_Preliminaries/restrictionScheme.p
ng>]
</Users/konkolydavid/Dropbox/Thesis/Images/2_Preliminaries/ontExt1.png, id=486,
 1170.3725pt x 389.455pt>
File: /Users/konkolydavid/Dropbox/Thesis/Images/2_Preliminaries/ontExt1.png Gra
phic file (type png)

<use /Users/konkolydavid/Dropbox/Thesis/Images/2_Preliminaries/ontExt1.png>
Package pdftex.def Info: /Users/konkolydavid/Dropbox/Thesis/Images/2_Preliminar
ies/ontExt1.png used on input line 103.
(pdftex.def)             Requested size: 360.0pt x 119.79681pt.


Package Fancyhdr Warning: \headheight is too small (12.0pt): 
 Make it at least 13.59999pt.
 We now make it that large for the rest of the document.
 This may cause the page layout to be inconsistent, however.

[9 </Users/konkolydavid/Dropbox/Thesis/Images/2_Preliminaries/ontExt1.png>]
</Users/konkolydavid/Dropbox/Thesis/Images/2_Preliminaries/sparqlData.png, id=5
08, 1424.32124pt x 380.42125pt>
File: /Users/konkolydavid/Dropbox/Thesis/Images/2_Preliminaries/sparqlData.png 
Graphic file (type png)

<use /Users/konkolydavid/Dropbox/Thesis/Images/2_Preliminaries/sparqlData.png>
Package pdftex.def Info: /Users/konkolydavid/Dropbox/Thesis/Images/2_Preliminar
ies/sparqlData.png used on input line 141.
(pdftex.def)             Requested size: 360.0pt x 96.14992pt.


Package Fancyhdr Warning: \headheight is too small (12.0pt): 
 Make it at least 13.59999pt.
 We now make it that large for the rest of the document.
 This may cause the page layout to be inconsistent, however.

[10 </Users/konkolydavid/Dropbox/Thesis/Images/2_Preliminaries/sparqlData.png>]

Package Fancyhdr Warning: \headheight is too small (12.0pt): 
 Make it at least 13.59999pt.
 We now make it that large for the rest of the document.
 This may cause the page layout to be inconsistent, however.

[11]
LaTeX Font Info:    Try loading font information for OMS+cmr on input line 192.

 (/usr/local/texlive/2016/texmf-dist/tex/latex/base/omscmr.fd
File: omscmr.fd 2014/09/29 v2.5h Standard LaTeX font definitions
)
LaTeX Font Info:    Font shape `OMS/cmr/m/n' in size <10.95> not available
(Font)              Font shape `OMS/cmsy/m/n' tried instead on input line 192.

(/usr/local/texlive/2016/texmf-dist/tex/latex/ucs/data/uni-32.def
File: uni-32.def 2013/05/13 UCS: Unicode data U+2000..U+20FF
)

Package Fancyhdr Warning: \headheight is too small (12.0pt): 
 Make it at least 13.59999pt.
 We now make it that large for the rest of the document.
 This may cause the page layout to be inconsistent, however.

[12]
</Users/konkolydavid/Dropbox/Thesis/Images/2_Preliminaries/fma.png, id=551, 141
6.29124pt x 425.59pt>
File: /Users/konkolydavid/Dropbox/Thesis/Images/2_Preliminaries/fma.png Graphic
 file (type png)

<use /Users/konkolydavid/Dropbox/Thesis/Images/2_Preliminaries/fma.png>
Package pdftex.def Info: /Users/konkolydavid/Dropbox/Thesis/Images/2_Preliminar
ies/fma.png used on input line 217.
(pdftex.def)             Requested size: 360.0pt x 108.17657pt.


Package Fancyhdr Warning: \headheight is too small (12.0pt): 
 Make it at least 13.59999pt.
 We now make it that large for the rest of the document.
 This may cause the page layout to be inconsistent, however.

[13 </Users/konkolydavid/Dropbox/Thesis/Images/2_Preliminaries/fma.png>]
</Users/konkolydavid/Dropbox/Thesis/Images/2_Preliminaries/obi.png, id=565, 128
0.785pt x 404.51125pt>
File: /Users/konkolydavid/Dropbox/Thesis/Images/2_Preliminaries/obi.png Graphic
 file (type png)

<use /Users/konkolydavid/Dropbox/Thesis/Images/2_Preliminaries/obi.png>
Package pdftex.def Info: /Users/konkolydavid/Dropbox/Thesis/Images/2_Preliminar
ies/obi.png used on input line 239.
(pdftex.def)             Requested size: 360.0pt x 113.69443pt.


LaTeX Warning: `h' float specifier changed to `ht'.


Package Fancyhdr Warning: \headheight is too small (12.0pt): 
 Make it at least 13.59999pt.
 We now make it that large for the rest of the document.
 This may cause the page layout to be inconsistent, however.

[14]

Package Fancyhdr Warning: \headheight is too small (12.0pt): 
 Make it at least 13.59999pt.
 We now make it that large for the rest of the document.
 This may cause the page layout to be inconsistent, however.

[15 </Users/konkolydavid/Dropbox/Thesis/Images/2_Preliminaries/obi.png>]
</Users/konkolydavid/Dropbox/Thesis/Images/2_Preliminaries/rdfbones.png, id=580
, 1286.8075pt x 381.425pt>
File: /Users/konkolydavid/Dropbox/Thesis/Images/2_Preliminaries/rdfbones.png Gr
aphic file (type png)

<use /Users/konkolydavid/Dropbox/Thesis/Images/2_Preliminaries/rdfbones.png>
Package pdftex.def Info: /Users/konkolydavid/Dropbox/Thesis/Images/2_Preliminar
ies/rdfbones.png used on input line 256.
(pdftex.def)             Requested size: 360.0pt x 106.70514pt.


Package Fancyhdr Warning: \headheight is too small (12.0pt): 
 Make it at least 13.59999pt.
 We now make it that large for the rest of the document.
 This may cause the page layout to be inconsistent, however.

[16 </Users/konkolydavid/Dropbox/Thesis/Images/2_Preliminaries/rdfbones.png>]
</Users/konkolydavid/Dropbox/Thesis/Images/2_Preliminaries/1_client_server.png,
 id=587, 1265.72874pt x 230.8625pt>
File: /Users/konkolydavid/Dropbox/Thesis/Images/2_Preliminaries/1_client_server
.png Graphic file (type png)

<use /Users/konkolydavid/Dropbox/Thesis/Images/2_Preliminaries/1_client_server.
png>
Package pdftex.def Info: /Users/konkolydavid/Dropbox/Thesis/Images/2_Preliminar
ies/1_client_server.png used on input line 270.
(pdftex.def)             Requested size: 360.0pt x 65.6591pt.


Package Fancyhdr Warning: \headheight is too small (12.0pt): 
 Make it at least 13.59999pt.
 We now make it that large for the rest of the document.
 This may cause the page layout to be inconsistent, however.

[17 </Users/konkolydavid/Dropbox/Thesis/Images/2_Preliminaries/1_client_server.
png>]

Package Fancyhdr Warning: \headheight is too small (12.0pt): 
 Make it at least 13.59999pt.
 We now make it that large for the rest of the document.
 This may cause the page layout to be inconsistent, however.

[18]
</Users/konkolydavid/Dropbox/Thesis/Images/2_Preliminaries/js2.png, id=612, 138
8.18625pt x 354.32375pt>
File: /Users/konkolydavid/Dropbox/Thesis/Images/2_Preliminaries/js2.png Graphic
 file (type png)

<use /Users/konkolydavid/Dropbox/Thesis/Images/2_Preliminaries/js2.png>
Package pdftex.def Info: /Users/konkolydavid/Dropbox/Thesis/Images/2_Preliminar
ies/js2.png used on input line 322.
(pdftex.def)             Requested size: 360.0pt x 91.88411pt.


Package Fancyhdr Warning: \headheight is too small (12.0pt): 
 Make it at least 13.59999pt.
 We now make it that large for the rest of the document.
 This may cause the page layout to be inconsistent, however.

[19]

Package Fancyhdr Warning: \headheight is too small (12.0pt): 
 Make it at least 13.59999pt.
 We now make it that large for the rest of the document.
 This may cause the page layout to be inconsistent, however.

[20 </Users/konkolydavid/Dropbox/Thesis/Images/2_Preliminaries/js2.png>]
</Users/konkolydavid/Dropbox/Thesis/Images/2_Preliminaries/faux.png, id=643, 14
88.56125pt x 502.87875pt>
File: /Users/konkolydavid/Dropbox/Thesis/Images/2_Preliminaries/faux.png Graphi
c file (type png)

<use /Users/konkolydavid/Dropbox/Thesis/Images/2_Preliminaries/faux.png>
Package pdftex.def Info: /Users/konkolydavid/Dropbox/Thesis/Images/2_Preliminar
ies/faux.png used on input line 360.
(pdftex.def)             Requested size: 360.0pt x 121.61415pt.


LaTeX Warning: `h' float specifier changed to `ht'.


Package Fancyhdr Warning: \headheight is too small (12.0pt): 
 Make it at least 13.59999pt.
 We now make it that large for the rest of the document.
 This may cause the page layout to be inconsistent, however.

[21]
</Users/konkolydavid/Dropbox/Thesis/Images/2_Preliminaries/fauxRDF.png, id=655,
 1447.4075pt x 435.6275pt>
File: /Users/konkolydavid/Dropbox/Thesis/Images/2_Preliminaries/fauxRDF.png Gra
phic file (type png)

<use /Users/konkolydavid/Dropbox/Thesis/Images/2_Preliminaries/fauxRDF.png>
Package pdftex.def Info: /Users/kon