\BOOKMARK [0][-]{chapter*.1}{Abstract}{}% 1
\BOOKMARK [0][-]{chapter*.2}{Kurzfassung}{}% 2
\BOOKMARK [0][-]{chapter*.5}{List of Tables}{}% 3
\BOOKMARK [0][-]{chapter.1}{Introduction}{}% 4
\BOOKMARK [1][-]{section.1.1}{Initial goal and contributions}{chapter.1}% 5
\BOOKMARK [1][-]{section.1.2}{Thesis outline}{chapter.1}% 6
\BOOKMARK [0][-]{chapter.2}{Preliminaries}{}% 7
\BOOKMARK [1][-]{section.2.1}{Web applications}{chapter.2}% 8
\BOOKMARK [2][-]{subsection.2.1.1}{Introduction}{section.2.1}% 9
\BOOKMARK [2][-]{subsection.2.1.2}{JavaScript bacics}{section.2.1}% 10
\BOOKMARK [2][-]{subsection.2.1.3}{Data in JS}{section.2.1}% 11
\BOOKMARK [2][-]{subsection.2.1.4}{AJAX}{section.2.1}% 12
\BOOKMARK [1][-]{section.2.2}{Semantic Web}{chapter.2}% 13
\BOOKMARK [2][-]{subsection.2.2.1}{RDF}{section.2.2}% 14
\BOOKMARK [2][-]{subsection.2.2.2}{RDF Schema}{section.2.2}% 15
\BOOKMARK [2][-]{subsection.2.2.3}{OWL}{section.2.2}% 16
\BOOKMARK [2][-]{subsection.2.2.4}{SPARQL}{section.2.2}% 17
\BOOKMARK [1][-]{section.2.3}{VIVO Framework}{chapter.2}% 18
\BOOKMARK [2][-]{subsection.2.3.1}{Class groups}{section.2.3}% 19
\BOOKMARK [2][-]{subsection.2.3.2}{Profile Pages}{section.2.3}% 20
\BOOKMARK [2][-]{subsection.2.3.3}{Default Data Entry Forms}{section.2.3}% 21
\BOOKMARK [2][-]{subsection.2.3.4}{Custom Entry Forms}{section.2.3}% 22
\BOOKMARK [0][-]{Appendix.a.A}{Glossary}{}% 23
\BOOKMARK [0][-]{Appendix.a.B}{Appendix}{}% 24
\BOOKMARK [1][-]{section.a.B.1}{Something you need in the appendix}{Appendix.a.B}% 25
